<?xml version="1.0" encoding="UTF-8"?>
<!-- Generated by org.testng.reporters.JUnitReportReporter -->
<testsuite skipped="0" hostname="DESKTOP-ECRTMBJ" name="com.appium.test.mobiletesting.Calculator_Division" tests="3" failures="0" timestamp="14 Apr 2019 15:08:16 GMT" time="37.559" errors="0">
  <testcase name="divisionOfTwoNumber" time="12.787" classname="com.appium.test.mobiletesting.Calculator_Division"/>
  <testcase name="divisionOfTwoNumber" time="12.315" classname="com.appium.test.mobiletesting.Calculator_Division"/>
  <testcase name="divisionOfTwoNumber" time="12.457" classname="com.appium.test.mobiletesting.Calculator_Division"/>
</testsuite> <!-- com.appium.test.mobiletesting.Calculator_Division -->
