<?xml version="1.0" encoding="UTF-8"?>
<!-- Generated by org.testng.reporters.JUnitReportReporter -->
<testsuite skipped="0" hostname="DESKTOP-ECRTMBJ" name="com.appium.test.mobiletesting.Calculator_Multiplication" tests="4" failures="0" timestamp="14 Apr 2019 15:08:16 GMT" time="49.523" errors="0">
  <testcase name="multiplicationOfTwoNumber" time="12.397" classname="com.appium.test.mobiletesting.Calculator_Multiplication"/>
  <testcase name="multiplicationOfTwoNumber" time="12.502" classname="com.appium.test.mobiletesting.Calculator_Multiplication"/>
  <testcase name="multiplicationOfTwoNumber" time="12.817" classname="com.appium.test.mobiletesting.Calculator_Multiplication"/>
  <testcase name="multiplicationOfTwoNumber" time="11.807" classname="com.appium.test.mobiletesting.Calculator_Multiplication"/>
</testsuite> <!-- com.appium.test.mobiletesting.Calculator_Multiplication -->
