<?xml version="1.0" encoding="UTF-8"?>
<!-- Generated by org.testng.reporters.JUnitReportReporter -->
<testsuite skipped="0" hostname="DESKTOP-ECRTMBJ" name="com.appium.test.mobiletesting.Calculator" tests="1" failures="0" timestamp="07 Apr 2019 16:44:04 GMT" time="11.961" errors="0">
  <testcase name="addition" time="11.961" classname="com.appium.test.mobiletesting.Calculator"/>
</testsuite> <!-- com.appium.test.mobiletesting.Calculator -->
