<?xml version="1.0" encoding="UTF-8"?>
<!-- Generated by org.testng.reporters.JUnitReportReporter -->
<testsuite skipped="0" hostname="DESKTOP-ECRTMBJ" name="com.appium.test.mobiletesting.Calculator_Addition" tests="4" failures="0" timestamp="14 Apr 2019 15:08:16 GMT" time="49.950" errors="0">
  <testcase name="additionOfTwoNumber" time="12.612" classname="com.appium.test.mobiletesting.Calculator_Addition"/>
  <testcase name="additionOfTwoNumber" time="12.595" classname="com.appium.test.mobiletesting.Calculator_Addition"/>
  <testcase name="additionOfTwoNumber" time="12.075" classname="com.appium.test.mobiletesting.Calculator_Addition"/>
  <testcase name="additionOfTwoNumber" time="12.668" classname="com.appium.test.mobiletesting.Calculator_Addition"/>
</testsuite> <!-- com.appium.test.mobiletesting.Calculator_Addition -->
